<?xml version="1.0" encoding="UTF-8"?>
<!-- Generated by org.testng.reporters.JUnitXMLReporter -->
<testsuite ignored="1" hostname="DESKTOP-FTH3G5N" failures="0" tests="1" name="Default test" time="2.732" errors="0" timestamp="2023-05-29T09:36:51 BDT">
  <testcase classname="operationAboutUser.UserOperation" name="getUserByUserName" time="2.713"/>
  <testcase classname="operationAboutUser.UserOperation" name="createAnUser" time="0.0">
    <ignored/>
  </testcase> <!-- createAnUser -->
</testsuite> <!-- Default test -->
