<?xml version="1.0" encoding="UTF-8"?>
<testng-results ignored="0" total="1" passed="1" failed="0" skipped="0">
  <reporter-output>
  </reporter-output>
  <suite started-at="2023-05-26T13:14:22 BDT" name="Default suite" finished-at="2023-05-26T13:14:24 BDT" duration-ms="2598">
    <groups>
    </groups>
    <test started-at="2023-05-26T13:14:22 BDT" name="Default test" finished-at="2023-05-26T13:14:24 BDT" duration-ms="2598">
      <class name="operationAboutUser.UserOperation">
        <test-method signature="createAnUser()[pri:0, instance:operationAboutUser.UserOperation@72057ecf]" started-at="2023-05-26T13:14:22 BDT" name="createAnUser" finished-at="2023-05-26T13:14:24 BDT" duration-ms="2576" status="PASS">
          <reporter-output>
          </reporter-output>
        </test-method> <!-- createAnUser -->
      </class> <!-- operationAboutUser.UserOperation -->
    </test> <!-- Default test -->
  </suite> <!-- Default suite -->
</testng-results>
